# JRE version: OpenJDK Runtime Environment (8.0_242-b01) (build 1.8.0_242-release-1644-b01)
# Java VM: OpenJDK 64-Bit Server VM (25.242-b01 mixed mode windows-amd64 compressed oops)
Heap:
 PSYoungGen      total 254976K, used 129559K [0x00000000d5580000, 0x00000000e8100000, 0x0000000100000000)
  eden space 219648K, 53% used [0x00000000d5580000,0x00000000dc936150,0x00000000e2c00000)
  from space 35328K, 31% used [0x00000000e5800000,0x00000000e62cfc88,0x00000000e7a80000)
  to   space 6656K, 0% used [0x00000000e7a80000,0x00000000e7a80000,0x00000000e8100000)
 ParOldGen       total 211456K, used 86794K [0x0000000080000000, 0x000000008ce80000, 0x00000000d5580000)
  object space 211456K, 41% used [0x0000000080000000,0x00000000854c2b30,0x000000008ce80000)
 Metaspace       used 99865K, capacity 104770K, committed 104984K, reserved 1140736K
  class space    used 13070K, capacity 14017K, committed 14104K, reserved 1048576K
GC Heap History (10 events):
Event: 226.444 GC heap before
{Heap before GC invocations=17 (full 3):
 PSYoungGen      total 257024K, used 257021K [0x00000000d5580000, 0x00000000e9f80000, 0x0000000100000000)
  eden space 232448K, 100% used [0x00000000d5580000,0x00000000e3880000,0x00000000e3880000)
  from space 24576K, 99% used [0x00000000e3880000,0x00000000e507f510,0x00000000e5080000)
  to   space 31744K, 0% used [0x00000000e8080000,0x00000000e8080000,0x00000000e9f80000)
 ParOldGen       total 211456K, used 43886K [0x0000000080000000, 0x000000008ce80000, 0x00000000d5580000)
  object space 211456K, 20% used [0x0000000080000000,0x0000000082adb9b8,0x000000008ce80000)
 Metaspace       used 81618K, capacity 85194K, committed 85528K, reserved 1124352K
  class space    used 10729K, capacity 11417K, committed 11544K, reserved 1048576K
Event: 226.472 GC heap after
Heap after GC invocations=17 (full 3):
 PSYoungGen      total 254976K, used 28902K [0x00000000d5580000, 0x00000000e9d00000, 0x0000000100000000)
  eden space 225792K, 0% used [0x00000000d5580000,0x00000000d5580000,0x00000000e3200000)
  from space 29184K, 99% used [0x00000000e8080000,0x00000000e9cb9b48,0x00000000e9d00000)
  to   space 35328K, 0% used [0x00000000e5800000,0x00000000e5800000,0x00000000e7a80000)
 ParOldGen       total 211456K, used 43894K [0x0000000080000000, 0x000000008ce80000, 0x00000000d5580000)
  object space 211456K, 20% used [0x0000000080000000,0x0000000082add9b8,0x000000008ce80000)
 Metaspace       used 81618K, capacity 85194K, committed 85528K, reserved 1124352K
  class space    used 10729K, capacity 11417K, committed 11544K, reserved 1048576K
}
Event: 268.767 GC heap before
{Heap before GC invocations=18 (full 3):
 PSYoungGen      total 254976K, used 254694K [0x00000000d5580000, 0x00000000e9d00000, 0x0000000100000000)
  eden space 225792K, 100% used [0x00000000d5580000,0x00000000e3200000,0x00000000e3200000)
  from space 29184K, 99% used [0x00000000e8080000,0x00000000e9cb9b48,0x00000000e9d00000)
  to   space 35328K, 0% used [0x00000000e5800000,0x00000000e5800000,0x00000000e7a80000)
 ParOldGen       total 211456K, used 43894K [0x0000000080000000, 0x000000008ce80000, 0x00000000d5580000)
  object space 211456K, 20% used [0x0000000080000000,0x0000000082add9b8,0x000000008ce80000)
 Metaspace       used 86783K, capacity 90526K, committed 90776K, reserved 1128448K
  class space    used 11354K, capacity 12075K, committed 12184K, reserved 1048576K
Event: 268.830 GC heap after
Heap after GC invocations=18 (full 3):
 PSYoungGen      total 254976K, used 35297K [0x00000000d5580000, 0x00000000e8100000, 0x0000000100000000)
  eden space 219648K, 0% used [0x00000000d5580000,0x00000000d5580000,0x00000000e2c00000)
  from space 35328K, 99% used [0x00000000e5800000,0x00000000e7a78708,0x00000000e7a80000)
  to   space 6656K, 0% used [0x00000000e7a80000,0x00000000e7a80000,0x00000000e8100000)
 ParOldGen       total 211456K, used 51881K [0x0000000080000000, 0x000000008ce80000, 0x00000000d5580000)
  object space 211456K, 24% used [0x0000000080000000,0x00000000832aa7e0,0x000000008ce80000)
 Metaspace       used 86783K, capacity 90526K, committed 90776K, reserved 1128448K
  class space    used 11354K, capacity 12075K, committed 12184K, reserved 1048576K
}
Event: 270.906 GC heap before
{Heap before GC invocations=19 (full 3):
 PSYoungGen      total 254976K, used 181043K [0x00000000d5580000, 0x00000000e8100000, 0x0000000100000000)
  eden space 219648K, 66% used [0x00000000d5580000,0x00000000de3d4820,0x00000000e2c00000)
  from space 35328K, 99% used [0x00000000e5800000,0x00000000e7a78708,0x00000000e7a80000)
  to   space 6656K, 0% used [0x00000000e7a80000,0x00000000e7a80000,0x00000000e8100000)
 ParOldGen       total 211456K, used 51881K [0x0000000080000000, 0x000000008ce80000, 0x00000000d5580000)
  object space 211456K, 24% used [0x0000000080000000,0x00000000832aa7e0,0x000000008ce80000)
 Metaspace       used 94124K, capacity 98552K, committed 98584K, reserved 1134592K
  class space    used 12445K, capacity 13304K, committed 13336K, reserved 1048576K
Event: 270.967 GC heap after
Heap after GC invocations=19 (full 3):
 PSYoungGen      total 226304K, used 6624K [0x00000000d5580000, 0x00000000e8100000, 0x0000000100000000)
  eden space 219648K, 0% used [0x00000000d5580000,0x00000000d5580000,0x00000000e2c00000)
  from space 6656K, 99% used [0x00000000e7a80000,0x00000000e80f8068,0x00000000e8100000)
  to   space 35328K, 0% used [0x00000000e5800000,0x00000000e5800000,0x00000000e7a80000)
 ParOldGen       total 211456K, used 100679K [0x0000000080000000, 0x000000008ce80000, 0x00000000d5580000)
  object space 211456K, 47% used [0x0000000080000000,0x0000000086251dc8,0x000000008ce80000)
 Metaspace       used 94124K, capacity 98552K, committed 98584K, reserved 1134592K
  class space    used 12445K, capacity 13304K, committed 13336K, reserved 1048576K
}
Event: 270.967 GC heap before
{Heap before GC invocations=20 (full 4):
 PSYoungGen      total 226304K, used 6624K [0x00000000d5580000, 0x00000000e8100000, 0x0000000100000000)
  eden space 219648K, 0% used [0x00000000d5580000,0x00000000d5580000,0x00000000e2c00000)
  from space 6656K, 99% used [0x00000000e7a80000,0x00000000e80f8068,0x00000000e8100000)
  to   space 35328K, 0% used [0x00000000e5800000,0x00000000e5800000,0x00000000e7a80000)
 ParOldGen       total 211456K, used 100679K [0x0000000080000000, 0x000000008ce80000, 0x00000000d5580000)
  object space 211456K, 47% used [0x0000000080000000,0x0000000086251dc8,0x000000008ce80000)
 Metaspace       used 94124K, capacity 98552K, committed 98584K, reserved 1134592K
  class space    used 12445K, capacity 13304K, committed 13336K, reserved 1048576K
Event: 271.429 GC heap after
Heap after GC invocations=20 (full 4):
 PSYoungGen      total 226304K, used 0K [0x00000000d5580000, 0x00000000e8100000, 0x0000000100000000)
  eden space 219648K, 0% used [0x00000000d5580000,0x00000000d5580000,0x00000000e2c00000)
  from space 6656K, 0% used [0x00000000e7a80000,0x00000000e7a80000,0x00000000e8100000)
  to   space 35328K, 0% used [0x00000000e5800000,0x00000000e5800000,0x00000000e7a80000)
 ParOldGen       total 211456K, used 86786K [0x0000000080000000, 0x000000008ce80000, 0x00000000d5580000)
  object space 211456K, 41% used [0x0000000080000000,0x00000000854c0b30,0x000000008ce80000)
 Metaspace       used 93885K, capacity 97934K, committed 98584K, reserved 1134592K
  class space    used 12363K, capacity 13157K, committed 13336K, reserved 1048576K
}
Event: 277.193 GC heap before
{Heap before GC invocations=21 (full 4):
 PSYoungGen      total 226304K, used 219648K [0x00000000d5580000, 0x00000000e8100000, 0x0000000100000000)
  eden space 219648K, 100% used [0x00000000d5580000,0x00000000e2c00000,0x00000000e2c00000)
  from space 6656K, 0% used [0x00000000e7a80000,0x00000000e7a80000,0x00000000e8100000)
  to   space 35328K, 0% used [0x00000000e5800000,0x00000000e5800000,0x00000000e7a80000)
 ParOldGen       total 211456K, used 86786K [0x0000000080000000, 0x000000008ce80000, 0x00000000d5580000)
  object space 211456K, 41% used [0x0000000080000000,0x00000000854c0b30,0x000000008ce80000)
 Metaspace       used 98413K, capacity 103084K, committed 103448K, reserved 1138688K
  class space    used 12881K, capacity 13730K, committed 13848K, reserved 1048576K
Event: 277.230 GC heap after
Heap after GC invocations=21 (full 4):
 PSYoungGen      total 254976K, used 11071K [0x00000000d5580000, 0x00000000e8100000, 0x0000000100000000)
  eden space 219648K, 0% used [0x00000000d5580000,0x00000000d5580000,0x00000000e2c00000)
  from space 35328K, 31% used [0x00000000e5800000,0x00000000e62cfc88,0x00000000e7a80000)
  to   space 6656K, 0% used [0x00000000e7a80000,0x00000000e7a80000,0x00000000e8100000)
 ParOldGen       total 211456K, used 86794K [0x0000000080000000, 0x000000008ce80000, 0x00000000d5580000)
  object space 211456K, 41% used [0x0000000080000000,0x00000000854c2b30,0x000000008ce80000)
 Metaspace       used 98413K, capacity 103084K, committed 103448K, reserved 1138688K
  class space    used 12881K, capacity 13730K, committed 13848K, reserved 1048576K
}

