# JRE version: OpenJDK Runtime Environment (8.0_242-b01) (build 1.8.0_242-release-1644-b01)
# Java VM: OpenJDK 64-Bit Server VM (25.242-b01 mixed mode windows-amd64 compressed oops)
Heap:
 PSYoungGen      total 111616K, used 49259K [0x000000076ae00000, 0x0000000776a80000, 0x00000007c0000000)
  eden space 100864K, 38% used [0x000000076ae00000,0x000000076d3a0980,0x0000000771080000)
  from space 10752K, 99% used [0x0000000771080000,0x0000000771afa5d0,0x0000000771b00000)
  to   space 24576K, 0% used [0x0000000775280000,0x0000000775280000,0x0000000776a80000)
 ParOldGen       total 180736K, used 43239K [0x00000006c0a00000, 0x00000006cba80000, 0x000000076ae00000)
  object space 180736K, 23% used [0x00000006c0a00000,0x00000006c3439d48,0x00000006cba80000)
 Metaspace       used 44142K, capacity 44952K, committed 45144K, reserved 1089536K
  class space    used 5252K, capacity 5472K, committed 5504K, reserved 1048576K
GC Heap History (10 events):
Event: 3.155 GC heap before
{Heap before GC invocations=3 (full 1):
 PSYoungGen      total 76288K, used 10733K [0x000000076ae00000, 0x0000000774300000, 0x00000007c0000000)
  eden space 65536K, 0% used [0x000000076ae00000,0x000000076ae00000,0x000000076ee00000)
  from space 10752K, 99% used [0x000000076f880000,0x00000007702fb640,0x0000000770300000)
  to   space 10752K, 0% used [0x000000076ee00000,0x000000076ee00000,0x000000076f880000)
 ParOldGen       total 175104K, used 16210K [0x00000006c0a00000, 0x00000006cb500000, 0x000000076ae00000)
  object space 175104K, 9% used [0x00000006c0a00000,0x00000006c19d4b50,0x00000006cb500000)
 Metaspace       used 20690K, capacity 21142K, committed 21248K, reserved 1069056K
  class space    used 2345K, capacity 2491K, committed 2560K, reserved 1048576K
Event: 3.262 GC heap after
Heap after GC invocations=3 (full 1):
 PSYoungGen      total 76288K, used 0K [0x000000076ae00000, 0x0000000774300000, 0x00000007c0000000)
  eden space 65536K, 0% used [0x000000076ae00000,0x000000076ae00000,0x000000076ee00000)
  from space 10752K, 0% used [0x000000076f880000,0x000000076f880000,0x0000000770300000)
  to   space 10752K, 0% used [0x000000076ee00000,0x000000076ee00000,0x000000076f880000)
 ParOldGen       total 125952K, used 21951K [0x00000006c0a00000, 0x00000006c8500000, 0x000000076ae00000)
  object space 125952K, 17% used [0x00000006c0a00000,0x00000006c1f6fcb0,0x00000006c8500000)
 Metaspace       used 20690K, capacity 21142K, committed 21248K, reserved 1069056K
  class space    used 2345K, capacity 2491K, committed 2560K, reserved 1048576K
}
Event: 5.639 GC heap before
{Heap before GC invocations=4 (full 1):
 PSYoungGen      total 76288K, used 65536K [0x000000076ae00000, 0x0000000774300000, 0x00000007c0000000)
  eden space 65536K, 100% used [0x000000076ae00000,0x000000076ee00000,0x000000076ee00000)
  from space 10752K, 0% used [0x000000076f880000,0x000000076f880000,0x0000000770300000)
  to   space 10752K, 0% used [0x000000076ee00000,0x000000076ee00000,0x000000076f880000)
 ParOldGen       total 125952K, used 21951K [0x00000006c0a00000, 0x00000006c8500000, 0x000000076ae00000)
  object space 125952K, 17% used [0x00000006c0a00000,0x00000006c1f6fcb0,0x00000006c8500000)
 Metaspace       used 30028K, capacity 30600K, committed 30848K, reserved 1077248K
  class space    used 3748K, capacity 3928K, committed 3968K, reserved 1048576K
Event: 5.655 GC heap after
Heap after GC invocations=4 (full 1):
 PSYoungGen      total 76288K, used 10740K [0x000000076ae00000, 0x0000000772580000, 0x00000007c0000000)
  eden space 65536K, 0% used [0x000000076ae00000,0x000000076ae00000,0x000000076ee00000)
  from space 10752K, 99% used [0x000000076ee00000,0x000000076f87d330,0x000000076f880000)
  to   space 10752K, 0% used [0x0000000771b00000,0x0000000771b00000,0x0000000772580000)
 ParOldGen       total 125952K, used 26667K [0x00000006c0a00000, 0x00000006c8500000, 0x000000076ae00000)
  object space 125952K, 21% used [0x00000006c0a00000,0x00000006c240aec0,0x00000006c8500000)
 Metaspace       used 30028K, capacity 30600K, committed 30848K, reserved 1077248K
  class space    used 3748K, capacity 3928K, committed 3968K, reserved 1048576K
}
Event: 6.637 GC heap before
{Heap before GC invocations=5 (full 1):
 PSYoungGen      total 76288K, used 38752K [0x000000076ae00000, 0x0000000772580000, 0x00000007c0000000)
  eden space 65536K, 42% used [0x000000076ae00000,0x000000076c95afe8,0x000000076ee00000)
  from space 10752K, 99% used [0x000000076ee00000,0x000000076f87d330,0x000000076f880000)
  to   space 10752K, 0% used [0x0000000771b00000,0x0000000771b00000,0x0000000772580000)
 ParOldGen       total 125952K, used 26667K [0x00000006c0a00000, 0x00000006c8500000, 0x000000076ae00000)
  object space 125952K, 21% used [0x00000006c0a00000,0x00000006c240aec0,0x00000006c8500000)
 Metaspace       used 34609K, capacity 35136K, committed 35416K, reserved 1081344K
  class space    used 4318K, capacity 4476K, committed 4480K, reserved 1048576K
Event: 6.655 GC heap after
Heap after GC invocations=5 (full 1):
 PSYoungGen      total 109568K, used 10721K [0x000000076ae00000, 0x0000000772580000, 0x00000007c0000000)
  eden space 98816K, 0% used [0x000000076ae00000,0x000000076ae00000,0x0000000770e80000)
  from space 10752K, 99% used [0x0000000771b00000,0x00000007725786f8,0x0000000772580000)
  to   space 10752K, 0% used [0x0000000771080000,0x0000000771080000,0x0000000771b00000)
 ParOldGen       total 125952K, used 30132K [0x00000006c0a00000, 0x00000006c8500000, 0x000000076ae00000)
  object space 125952K, 23% used [0x00000006c0a00000,0x00000006c276d1f0,0x00000006c8500000)
 Metaspace       used 34609K, capacity 35136K, committed 35416K, reserved 1081344K
  class space    used 4318K, capacity 4476K, committed 4480K, reserved 1048576K
}
Event: 6.655 GC heap before
{Heap before GC invocations=6 (full 2):
 PSYoungGen      total 109568K, used 10721K [0x000000076ae00000, 0x0000000772580000, 0x00000007c0000000)
  eden space 98816K, 0% used [0x000000076ae00000,0x000000076ae00000,0x0000000770e80000)
  from space 10752K, 99% used [0x0000000771b00000,0x00000007725786f8,0x0000000772580000)
  to   space 10752K, 0% used [0x0000000771080000,0x0000000771080000,0x0000000771b00000)
 ParOldGen       total 125952K, used 30132K [0x00000006c0a00000, 0x00000006c8500000, 0x000000076ae00000)
  object space 125952K, 23% used [0x00000006c0a00000,0x00000006c276d1f0,0x00000006c8500000)
 Metaspace       used 34609K, capacity 35136K, committed 35416K, reserved 1081344K
  class space    used 4318K, capacity 4476K, committed 4480K, reserved 1048576K
Event: 6.762 GC heap after
Heap after GC invocations=6 (full 2):
 PSYoungGen      total 109568K, used 0K [0x000000076ae00000, 0x0000000772580000, 0x00000007c0000000)
  eden space 98816K, 0% used [0x000000076ae00000,0x000000076ae00000,0x0000000770e80000)
  from space 10752K, 0% used [0x0000000771b00000,0x0000000771b00000,0x0000000772580000)
  to   space 10752K, 0% used [0x0000000771080000,0x0000000771080000,0x0000000771b00000)
 ParOldGen       total 180736K, used 33215K [0x00000006c0a00000, 0x00000006cba80000, 0x000000076ae00000)
  object space 180736K, 18% used [0x00000006c0a00000,0x00000006c2a6fc48,0x00000006cba80000)
 Metaspace       used 34609K, capacity 35136K, committed 35416K, reserved 1081344K
  class space    used 4318K, capacity 4476K, committed 4480K, reserved 1048576K
}
Event: 10.398 GC heap before
{Heap before GC invocations=7 (full 2):
 PSYoungGen      total 109568K, used 98816K [0x000000076ae00000, 0x0000000772580000, 0x00000007c0000000)
  eden space 98816K, 100% used [0x000000076ae00000,0x0000000770e80000,0x0000000770e80000)
  from space 10752K, 0% used [0x0000000771b00000,0x0000000771b00000,0x0000000772580000)
  to   space 10752K, 0% used [0x0000000771080000,0x0000000771080000,0x0000000771b00000)
 ParOldGen       total 180736K, used 33215K [0x00000006c0a00000, 0x00000006cba80000, 0x000000076ae00000)
  object space 180736K, 18% used [0x00000006c0a00000,0x00000006c2a6fc48,0x00000006cba80000)
 Metaspace       used 43518K, capacity 44276K, committed 44632K, reserved 1089536K
  class space    used 5230K, capacity 5440K, committed 5504K, reserved 1048576K
Event: 10.425 GC heap after
Heap after GC invocations=7 (full 2):
 PSYoungGen      total 111616K, used 10729K [0x000000076ae00000, 0x0000000776a80000, 0x00000007c0000000)
  eden space 100864K, 0% used [0x000000076ae00000,0x000000076ae00000,0x0000000771080000)
  from space 10752K, 99% used [0x0000000771080000,0x0000000771afa5d0,0x0000000771b00000)
  to   space 24576K, 0% used [0x0000000775280000,0x0000000775280000,0x0000000776a80000)
 ParOldGen       total 180736K, used 43239K [0x00000006c0a00000, 0x00000006cba80000, 0x000000076ae00000)
  object space 180736K, 23% used [0x00000006c0a00000,0x00000006c3439d48,0x00000006cba80000)
 Metaspace       used 43518K, capacity 44276K, committed 44632K, reserved 1089536K
  class space    used 5230K, capacity 5440K, committed 5504K, reserved 1048576K
}

