# JRE version: OpenJDK Runtime Environment (8.0_242-b01) (build 1.8.0_242-release-1644-b01)
# Java VM: OpenJDK 64-Bit Server VM (25.242-b01 mixed mode windows-amd64 compressed oops)
Heap:
 PSYoungGen      total 137216K, used 29990K [0x000000076ae00000, 0x0000000777d00000, 0x00000007c0000000)
  eden space 109568K, 2% used [0x000000076ae00000,0x000000076b0510a8,0x0000000771900000)
  from space 27648K, 99% used [0x0000000771900000,0x00000007733f8798,0x0000000773400000)
  to   space 35328K, 0% used [0x0000000775a80000,0x0000000775a80000,0x0000000777d00000)
 ParOldGen       total 226304K, used 54394K [0x00000006c0a00000, 0x00000006ce700000, 0x000000076ae00000)
  object space 226304K, 24% used [0x00000006c0a00000,0x00000006c3f1e9a0,0x00000006ce700000)
 Metaspace       used 53202K, capacity 54110K, committed 54528K, reserved 1097728K
  class space    used 6131K, capacity 6369K, committed 6400K, reserved 1048576K
GC Heap History (10 events):
Event: 5.986 GC heap before
{Heap before GC invocations=5 (full 1):
 PSYoungGen      total 76288K, used 41155K [0x000000076ae00000, 0x0000000771700000, 0x00000007c0000000)
  eden space 65536K, 46% used [0x000000076ae00000,0x000000076cbb0dd0,0x000000076ee00000)
  from space 10752K, 99% used [0x000000076ee00000,0x000000076f87ff60,0x000000076f880000)
  to   space 10752K, 0% used [0x0000000770c80000,0x0000000770c80000,0x0000000771700000)
 ParOldGen       total 143872K, used 26469K [0x00000006c0a00000, 0x00000006c9680000, 0x000000076ae00000)
  object space 143872K, 18% used [0x00000006c0a00000,0x00000006c23d97b0,0x00000006c9680000)
 Metaspace       used 34647K, capacity 35168K, committed 35416K, reserved 1081344K
  class space    used 4335K, capacity 4508K, committed 4608K, reserved 1048576K
Event: 5.998 GC heap after
Heap after GC invocations=5 (full 1):
 PSYoungGen      total 96768K, used 10747K [0x000000076ae00000, 0x0000000771b00000, 0x00000007c0000000)
  eden space 86016K, 0% used [0x000000076ae00000,0x000000076ae00000,0x0000000770200000)
  from space 10752K, 99% used [0x0000000770c80000,0x00000007716fec08,0x0000000771700000)
  to   space 10752K, 0% used [0x0000000770200000,0x0000000770200000,0x0000000770c80000)
 ParOldGen       total 143872K, used 30182K [0x00000006c0a00000, 0x00000006c9680000, 0x000000076ae00000)
  object space 143872K, 20% used [0x00000006c0a00000,0x00000006c2779920,0x00000006c9680000)
 Metaspace       used 34647K, capacity 35168K, committed 35416K, reserved 1081344K
  class space    used 4335K, capacity 4508K, committed 4608K, reserved 1048576K
}
Event: 5.998 GC heap before
{Heap before GC invocations=6 (full 2):
 PSYoungGen      total 96768K, used 10747K [0x000000076ae00000, 0x0000000771b00000, 0x00000007c0000000)
  eden space 86016K, 0% used [0x000000076ae00000,0x000000076ae00000,0x0000000770200000)
  from space 10752K, 99% used [0x0000000770c80000,0x00000007716fec08,0x0000000771700000)
  to   space 10752K, 0% used [0x0000000770200000,0x0000000770200000,0x0000000770c80000)
 ParOldGen       total 143872K, used 30182K [0x00000006c0a00000, 0x00000006c9680000, 0x000000076ae00000)
  object space 143872K, 20% used [0x00000006c0a00000,0x00000006c2779920,0x00000006c9680000)
 Metaspace       used 34647K, capacity 35168K, committed 35416K, reserved 1081344K
  class space    used 4335K, capacity 4508K, committed 4608K, reserved 1048576K
Event: 6.067 GC heap after
Heap after GC invocations=6 (full 2):
 PSYoungGen      total 96768K, used 0K [0x000000076ae00000, 0x0000000771b00000, 0x00000007c0000000)
  eden space 86016K, 0% used [0x000000076ae00000,0x000000076ae00000,0x0000000770200000)
  from space 10752K, 0% used [0x0000000770c80000,0x0000000770c80000,0x0000000771700000)
  to   space 10752K, 0% used [0x0000000770200000,0x0000000770200000,0x0000000770c80000)
 ParOldGen       total 226304K, used 33469K [0x00000006c0a00000, 0x00000006ce700000, 0x000000076ae00000)
  object space 226304K, 14% used [0x00000006c0a00000,0x00000006c2aaf500,0x00000006ce700000)
 Metaspace       used 34647K, capacity 35168K, committed 35416K, reserved 1081344K
  class space    used 4335K, capacity 4508K, committed 4608K, reserved 1048576K
}
Event: 8.258 GC heap before
{Heap before GC invocations=7 (full 2):
 PSYoungGen      total 96768K, used 86016K [0x000000076ae00000, 0x0000000771b00000, 0x00000007c0000000)
  eden space 86016K, 100% used [0x000000076ae00000,0x0000000770200000,0x0000000770200000)
  from space 10752K, 0% used [0x0000000770c80000,0x0000000770c80000,0x0000000771700000)
  to   space 10752K, 0% used [0x0000000770200000,0x0000000770200000,0x0000000770c80000)
 ParOldGen       total 226304K, used 33469K [0x00000006c0a00000, 0x00000006ce700000, 0x000000076ae00000)
  object space 226304K, 14% used [0x00000006c0a00000,0x00000006c2aaf500,0x00000006ce700000)
 Metaspace       used 42633K, capacity 43408K, committed 43648K, reserved 1087488K
  class space    used 5201K, capacity 5408K, committed 5504K, reserved 1048576K
Event: 8.277 GC heap after
Heap after GC invocations=7 (full 2):
 PSYoungGen      total 96768K, used 10724K [0x000000076ae00000, 0x0000000774a80000, 0x00000007c0000000)
  eden space 86016K, 0% used [0x000000076ae00000,0x000000076ae00000,0x0000000770200000)
  from space 10752K, 99% used [0x0000000770200000,0x0000000770c792c8,0x0000000770c80000)
  to   space 23040K, 0% used [0x0000000773400000,0x0000000773400000,0x0000000774a80000)
 ParOldGen       total 226304K, used 40965K [0x00000006c0a00000, 0x00000006ce700000, 0x000000076ae00000)
  object space 226304K, 18% used [0x00000006c0a00000,0x00000006c3201508,0x00000006ce700000)
 Metaspace       used 42633K, capacity 43408K, committed 43648K, reserved 1087488K
  class space    used 5201K, capacity 5408K, committed 5504K, reserved 1048576K
}
Event: 10.980 GC heap before
{Heap before GC invocations=8 (full 2):
 PSYoungGen      total 96768K, used 96740K [0x000000076ae00000, 0x0000000774a80000, 0x00000007c0000000)
  eden space 86016K, 100% used [0x000000076ae00000,0x0000000770200000,0x0000000770200000)
  from space 10752K, 99% used [0x0000000770200000,0x0000000770c792c8,0x0000000770c80000)
  to   space 23040K, 0% used [0x0000000773400000,0x0000000773400000,0x0000000774a80000)
 ParOldGen       total 226304K, used 40965K [0x00000006c0a00000, 0x00000006ce700000, 0x000000076ae00000)
  object space 226304K, 18% used [0x00000006c0a00000,0x00000006c3201508,0x00000006ce700000)
 Metaspace       used 47275K, capacity 48088K, committed 48384K, reserved 1091584K
  class space    used 5622K, capacity 5844K, committed 5888K, reserved 1048576K
Event: 11.006 GC heap after
Heap after GC invocations=8 (full 2):
 PSYoungGen      total 132608K, used 23018K [0x000000076ae00000, 0x0000000775300000, 0x00000007c0000000)
  eden space 109568K, 0% used [0x000000076ae00000,0x000000076ae00000,0x0000000771900000)
  from space 23040K, 99% used [0x0000000773400000,0x0000000774a7a860,0x0000000774a80000)
  to   space 27648K, 0% used [0x0000000771900000,0x0000000771900000,0x0000000773400000)
 ParOldGen       total 226304K, used 44895K [0x00000006c0a00000, 0x00000006ce700000, 0x000000076ae00000)
  object space 226304K, 19% used [0x00000006c0a00000,0x00000006c35d7d48,0x00000006ce700000)
 Metaspace       used 47275K, capacity 48088K, committed 48384K, reserved 1091584K
  class space    used 5622K, capacity 5844K, committed 5888K, reserved 1048576K
}
Event: 17.861 GC heap before
{Heap before GC invocations=9 (full 2):
 PSYoungGen      total 132608K, used 132586K [0x000000076ae00000, 0x0000000775300000, 0x00000007c0000000)
  eden space 109568K, 100% used [0x000000076ae00000,0x0000000771900000,0x0000000771900000)
  from space 23040K, 99% used [0x0000000773400000,0x0000000774a7a860,0x0000000774a80000)
  to   space 27648K, 0% used [0x0000000771900000,0x0000000771900000,0x0000000773400000)
 ParOldGen       total 226304K, used 44895K [0x00000006c0a00000, 0x00000006ce700000, 0x000000076ae00000)
  object space 226304K, 19% used [0x00000006c0a00000,0x00000006c35d7d48,0x00000006ce700000)
 Metaspace       used 53192K, capacity 54110K, committed 54528K, reserved 1097728K
  class space    used 6131K, capacity 6369K, committed 6400K, reserved 1048576K
Event: 17.896 GC heap after
Heap after GC invocations=9 (full 2):
 PSYoungGen      total 137216K, used 27617K [0x000000076ae00000, 0x0000000777d00000, 0x00000007c0000000)
  eden space 109568K, 0% used [0x000000076ae00000,0x000000076ae00000,0x0000000771900000)
  from space 27648K, 99% used [0x0000000771900000,0x00000007733f8798,0x0000000773400000)
  to   space 35328K, 0% used [0x0000000775a80000,0x0000000775a80000,0x0000000777d00000)
 ParOldGen       total 226304K, used 54394K [0x00000006c0a00000, 0x00000006ce700000, 0x000000076ae00000)
  object space 226304K, 24% used [0x00000006c0a00000,0x00000006c3f1e9a0,0x00000006ce700000)
 Metaspace       used 53192K, capacity 54110K, committed 54528K, reserved 1097728K
  class space    used 6131K, capacity 6369K, committed 6400K, reserved 1048576K
}

